1562219777676	mozrunner::runner	INFO	Running command: "C:\\Program Files\\Mozilla Firefox\\firefox.exe" "-marionette" "-foreground" "-no-remote" "-profile" "C:\\Users\\15510\\AppData\\Local\\Temp\\rust_mozprofile.0MC2nIK4plVG"
1562219780051	addons.webextension.screenshots@mozilla.org	WARN	Loading extension 'screenshots@mozilla.org': Reading manifest: Invalid extension permission: mozillaAddons
1562219780051	addons.webextension.screenshots@mozilla.org	WARN	Loading extension 'screenshots@mozilla.org': Reading manifest: Invalid extension permission: resource://pdf.js/
1562219780052	addons.webextension.screenshots@mozilla.org	WARN	Loading extension 'screenshots@mozilla.org': Reading manifest: Invalid extension permission: about:reader*
1562219788344	Marionette	INFO	Listening on port 56240
1562219788390	Marionette	WARN	TLS certificate errors will be ignored for this session
JavaScript warning: https://s.xiaohongshu.com/formula-static/@xhs/launcher@1.1.11/dist/Launcher.js, line 1: unreachable code after return statement
JavaScript warning: https://s.xiaohongshu.com/formula-static/@xhs/launcher@1.1.11/dist/Launcher.js, line 1: unreachable code after return statement
JavaScript warning: https://s.xiaohongshu.com/formula-static/@xhs/launcher@1.1.11/dist/Launcher.js, line 1: unreachable code after return statement
JavaScript warning: https://s.xiaohongshu.com/formula-static/@xhs/launcher@1.1.11/dist/Launcher.js, line 1: unreachable code after return statement
console.error: BroadcastService: 
  receivedBroadcastMessage: handler for
  remote-settings/monitor_changes
  threw error:
  Message: Error: Polling for changes failed: http://%(server)s/dummy/blocklist//buckets/monitor/collections/changes/records?_expected=%221562202850012%22 is not a valid URL..
  Stack:
    remoteSettingsFunction/remoteSettings.pollChanges@resource://services-settings/remote-settings.js:203:13

[Child 10164, Chrome_ChildThr[Parent 17456, Gecko_IOThread] WARNING: pipe error: 109: file z:/task_1558035249/build/src/ipc/chromium/src/chrome/common/ipc_channel_win.cc, line 341
1562226162584	Marionette	INFO	Stopped listening on port 56240

###!!! [Child][RunMessage] Error: Channel closing: too late to send/recv, messages will be lost


###!!! [Child][MessageChannel::SendAndWait] Error: Channel error: cannot send/recv

